<?xml version="1.0" encoding="UTF-8"?>
<testng-results ignored="3" total="4" passed="1" failed="0" skipped="0">
  <reporter-output>
  </reporter-output>
  <suite started-at="2025-03-12T19:18:18 IST" name="Default suite" finished-at="2025-03-12T19:18:38 IST" duration-ms="20848">
    <groups>
    </groups>
    <test started-at="2025-03-12T19:18:18 IST" name="Default test" finished-at="2025-03-12T19:18:38 IST" duration-ms="20848">
      <class name="com.tutorialsninja.qa.testcases.RegisterTest">
        <test-method is-config="true" signature="setup()[pri:0, instance:com.tutorialsninja.qa.testcases.RegisterTest@6743e411]" started-at="2025-03-12T19:18:18 IST" name="setup" finished-at="2025-03-12T19:18:34 IST" duration-ms="16635" status="PASS">
          <reporter-output>
          </reporter-output>
        </test-method> <!-- setup -->
        <test-method signature="verifyRegisteringAnAccountWithManadateFields()[pri:1, instance:com.tutorialsninja.qa.testcases.RegisterTest@6743e411]" started-at="2025-03-12T19:18:34 IST" name="verifyRegisteringAnAccountWithManadateFields" finished-at="2025-03-12T19:18:38 IST" duration-ms="4032" status="PASS">
          <reporter-output>
          </reporter-output>
        </test-method> <!-- verifyRegisteringAnAccountWithManadateFields -->
        <test-method is-config="true" signature="tearDown()[pri:0, instance:com.tutorialsninja.qa.testcases.RegisterTest@6743e411]" started-at="2025-03-12T19:18:38 IST" name="tearDown" finished-at="2025-03-12T19:18:38 IST" duration-ms="124" status="PASS">
          <reporter-output>
          </reporter-output>
        </test-method> <!-- tearDown -->
      </class> <!-- com.tutorialsninja.qa.testcases.RegisterTest -->
    </test> <!-- Default test -->
  </suite> <!-- Default suite -->
</testng-results>
