<?xml version="1.0" encoding="UTF-8"?>
<!-- Generated by org.testng.reporters.JUnitXMLReporter -->
<testsuite ignored="3" hostname="Jyotis-MacBook-Air.local" failures="0" tests="1" name="Default test" time="20.848" errors="0" timestamp="2025-03-12T19:18:38 IST">
  <testcase classname="com.tutorialsninja.qa.testcases.RegisterTest" name="verifyRegisteringAnAccountWithManadateFields" time="4.032"/>
  <testcase classname="com.tutorialsninja.qa.testcases.RegisterTest" name="verifyRegistringAccountByProvidingAllFields" time="0.0">
    <ignored/>
  </testcase> <!-- verifyRegistringAccountByProvidingAllFields -->
  <testcase classname="com.tutorialsninja.qa.testcases.RegisterTest" name="verifyRegisteringAnAccountWithoutFIllingAnyDetails" time="0.0">
    <ignored/>
  </testcase> <!-- verifyRegisteringAnAccountWithoutFIllingAnyDetails -->
  <testcase classname="com.tutorialsninja.qa.testcases.RegisterTest" name="verifyRegisteringAnAccountWIthExistingEmailAddress" time="0.0">
    <ignored/>
  </testcase> <!-- verifyRegisteringAnAccountWIthExistingEmailAddress -->
</testsuite> <!-- Default test -->
